[debug] [2022-10-17T14:30:30.140Z] ----------------------------------------------------------------------
[debug] [2022-10-17T14:30:30.142Z] Command:       C:\Program Files\nodejs\node.exe C:\Users\febri\AppData\Roaming\npm\node_modules\firebase-tools\lib\bin\firebase.js init
[debug] [2022-10-17T14:30:30.142Z] CLI Version:   11.14.4
[debug] [2022-10-17T14:30:30.143Z] Platform:      win32
[debug] [2022-10-17T14:30:30.143Z] Node Version:  v16.17.1
[debug] [2022-10-17T14:30:30.143Z] Time:          Mon Oct 17 2022 21:30:30 GMT+0700 (Waktu Indonesia Barat)
[debug] [2022-10-17T14:30:30.144Z] ----------------------------------------------------------------------
[debug] 
[debug] [2022-10-17T14:30:30.149Z] > command requires scopes: ["email","openid","https://www.googleapis.com/auth/cloudplatformprojects.readonly","https://www.googleapis.com/auth/firebase","https://www.googleapis.com/auth/cloud-platform"]
[debug] [2022-10-17T14:30:30.150Z] > authorizing via signed-in user (febriqgalp@gmail.com)
[info] 
     ######## #### ########  ######## ########     ###     ######  ########
     ##        ##  ##     ## ##       ##     ##  ##   ##  ##       ##
     ######    ##  ########  ######   ########  #########  ######  ######
     ##        ##  ##    ##  ##       ##     ## ##     ##       ## ##
     ##       #### ##     ## ######## ########  ##     ##  ######  ########

You're about to initialize a Firebase project in this directory:

  C:\Users\febri\Documents\Skripsi\bptdwil3sumbar

[info] 
=== Project Setup
[info] 
[info] First, let's associate this project directory with a Firebase project.
[info] You can create multiple project aliases by running firebase use --add, 
[info] but for now we'll just set up a default project.
[info] 
[debug] [2022-10-17T14:30:35.384Z] >>> [apiv2][query] GET https://firebase.googleapis.com/v1beta1/projects pageSize=100
[debug] [2022-10-17T14:30:36.059Z] <<< [apiv2][status] GET https://firebase.googleapis.com/v1beta1/projects 200
[debug] [2022-10-17T14:30:36.060Z] <<< [apiv2][body] GET https://firebase.googleapis.com/v1beta1/projects [omitted]
[info] i  Using project bptd3sumbar-24e51 (bptd3sumbar) 
[info] 
=== Hosting Setup
[info] 
[info] Your public directory is the folder (relative to your project directory) that
[info] will contain Hosting assets to be uploaded with firebase deploy. If you
[info] have a build process for your assets, use your build's output directory.
[info] 
[info] +  Wrote public/404.html 
[debug] [2022-10-17T14:30:47.326Z] >>> [apiv2][query] GET https://www.gstatic.com/firebasejs/releases.json [none]
[debug] [2022-10-17T14:30:47.402Z] <<< [apiv2][status] GET https://www.gstatic.com/firebasejs/releases.json 200
[debug] [2022-10-17T14:30:47.402Z] <<< [apiv2][body] GET https://www.gstatic.com/firebasejs/releases.json {"current":{"version":"9.12.1","browserURL":"https://www.gstatic.com/firebasejs/9.12.1/firebase.js","packageURL":"https://www.gstatic.com/firebasejs/9.12.1/firebase.tgz"},"live":{"version":"9.12","browserURL":"https://www.gstatic.com/firebasejs/live/9.12/firebase.js","packageURL":"https://www.gstatic.com/firebasejs/live/9.12/firebase.tgz"},"components":{"analytics":"https://www.gstatic.com/firebasejs/9.12.1/firebase-analytics.js","app":"https://www.gstatic.com/firebasejs/9.12.1/firebase-app.js","app-check":"https://www.gstatic.com/firebasejs/9.12.1/firebase-app-check.js","auth":"https://www.gstatic.com/firebasejs/9.12.1/firebase-auth.js","auth/cordova":"https://www.gstatic.com/firebasejs/9.12.1/firebase-auth/cordova.js","auth/react-native":"https://www.gstatic.com/firebasejs/9.12.1/firebase-auth/react-native.js","functions":"https://www.gstatic.com/firebasejs/9.12.1/firebase-functions.js","firestore":"https://www.gstatic.com/firebasejs/9.12.1/firebase-firestore.js","firestore/lite":"https://www.gstatic.com/firebasejs/9.12.1/firebase-firestore/lite.js","installations":"https://www.gstatic.com/firebasejs/9.12.1/firebase-installations.js","storage":"https://www.gstatic.com/firebasejs/9.12.1/firebase-storage.js","performance":"https://www.gstatic.com/firebasejs/9.12.1/firebase-performance.js","remote-config":"https://www.gstatic.com/firebasejs/9.12.1/firebase-remote-config.js","messaging":"https://www.gstatic.com/firebasejs/9.12.1/firebase-messaging.js","messaging/sw":"https://www.gstatic.com/firebasejs/9.12.1/firebase-messaging/sw.js","database":"https://www.gstatic.com/firebasejs/9.12.1/firebase-database.js","firestore.memory":"https://www.gstatic.com/firebasejs/9.12.1/firebase-firestore.memory.js"}}
[info] +  Wrote public/index.html 
[info] 
[info] i  Detected a .git folder at C:\Users\febri\Documents\Skripsi\bptdwil3sumbar 
[info] i  Authorizing with GitHub to upload your service account to a GitHub repository's secrets store. 
[info] 
[info] Visit this URL on this device to log in:
[info] https://github.com/login/oauth/authorize?client_id=89cf50f02ac6aaed3484&state=957569033&redirect_uri=http%3A%2F%2Flocalhost%3A9005&scope=read%3Auser%20repo%20public_repo
[info] 
[info] Waiting for authentication...
[debug] [2022-10-17T14:30:53.571Z] >>> [apiv2][query] POST https://github.com/login/oauth/access_token [none]
[debug] [2022-10-17T14:30:53.571Z] >>> [apiv2][body] POST https://github.com/login/oauth/access_token [stream]
[debug] [2022-10-17T14:30:54.175Z] <<< [apiv2][status] POST https://github.com/login/oauth/access_token 200
[debug] [2022-10-17T14:30:54.175Z] <<< [apiv2][body] POST https://github.com/login/oauth/access_token {"access_token":"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","token_type":"bearer","scope":"read:user,repo"}
[debug] [2022-10-17T14:30:54.185Z] >>> [apiv2][query] GET https://api.github.com/user [none]
[debug] [2022-10-17T14:30:54.774Z] <<< [apiv2][status] GET https://api.github.com/user 200
[debug] [2022-10-17T14:30:54.775Z] <<< [apiv2][body] GET https://api.github.com/user {"login":"febriqgal","id":63814848,"node_id":"MDQ6VXNlcjYzODE0ODQ4","avatar_url":"https://avatars.githubusercontent.com/u/63814848?v=4","gravatar_id":"","url":"https://api.github.com/users/febriqgal","html_url":"https://github.com/febriqgal","followers_url":"https://api.github.com/users/febriqgal/followers","following_url":"https://api.github.com/users/febriqgal/following{/other_user}","gists_url":"https://api.github.com/users/febriqgal/gists{/gist_id}","starred_url":"https://api.github.com/users/febriqgal/starred{/owner}{/repo}","subscriptions_url":"https://api.github.com/users/febriqgal/subscriptions","organizations_url":"https://api.github.com/users/febriqgal/orgs","repos_url":"https://api.github.com/users/febriqgal/repos","events_url":"https://api.github.com/users/febriqgal/events{/privacy}","received_events_url":"https://api.github.com/users/febriqgal/received_events","type":"User","site_admin":false,"name":"Febriqgal Purnama","company":null,"blog":"","location":"Padang, Indonesian.","email":null,"hireable":null,"bio":null,"twitter_username":"febriqgal_","public_repos":11,"public_gists":0,"followers":0,"following":1,"created_at":"2020-04-16T19:16:27Z","updated_at":"2022-10-15T01:14:08Z","private_gists":0,"total_private_repos":1,"owned_private_repos":1,"disk_usage":18144,"collaborators":0,"two_factor_authentication":false,"plan":{"name":"free","space":976562499,"collaborators":0,"private_repos":10000}}
[info] 
[info] +  Success! Logged into GitHub as febriqgal 
[info] 
[debug] [2022-10-18T13:59:53.581Z] ----------------------------------------------------------------------
[debug] [2022-10-18T13:59:53.583Z] Command:       C:\Program Files\nodejs\node.exe C:\Users\febri\AppData\Roaming\npm\node_modules\firebase-tools\lib\bin\firebase.js init
[debug] [2022-10-18T13:59:53.583Z] CLI Version:   11.14.4
[debug] [2022-10-18T13:59:53.584Z] Platform:      win32
[debug] [2022-10-18T13:59:53.584Z] Node Version:  v16.17.1
[debug] [2022-10-18T13:59:53.593Z] Time:          Tue Oct 18 2022 20:59:53 GMT+0700 (Waktu Indonesia Barat)
[debug] [2022-10-18T13:59:53.594Z] ----------------------------------------------------------------------
[debug] 
[debug] [2022-10-18T13:59:53.600Z] > command requires scopes: ["email","openid","https://www.googleapis.com/auth/cloudplatformprojects.readonly","https://www.googleapis.com/auth/firebase","https://www.googleapis.com/auth/cloud-platform"]
[debug] [2022-10-18T13:59:53.601Z] > authorizing via signed-in user (febriqgalp@gmail.com)
[info] 
     ######## #### ########  ######## ########     ###     ######  ########
     ##        ##  ##     ## ##       ##     ##  ##   ##  ##       ##
     ######    ##  ########  ######   ########  #########  ######  ######
     ##        ##  ##    ##  ##       ##     ## ##     ##       ## ##
     ##       #### ##     ## ######## ########  ##     ##  ######  ########

You're about to initialize a Firebase project in this directory:

  C:\Users\febri\Documents\Skripsi\bptdwil3sumbar

